[03Feb2025 00:04:29.791] [Server thread/INFO] [net.minecraft.server.MinecraftServer/]: Stopping the server
Server threadEx[03Feb2025 00:04:29.839] [Server thread/INFO] [net.minecraft.server.MinecraftServer/]: Stopping server
Server threadEx[03Feb2025 00:04:29.839] [Server thread/INFO] [SetSpawn/]: Disabling SetSpawn v3.1
Server threadEx[03Feb2025 00:04:29.840] [Server thread/INFO] [Console/]: 
Server threadEx[03Feb2025 00:04:29.840] [Server thread/INFO] [Console/]: ---------------------------------------
Server threadEx[03Feb2025 00:04:29.840] [Server thread/INFO] [Console/]:                 Goodbye!
Server threadEx[03Feb2025 00:04:29.841] [Server thread/INFO] [Console/]: ---------------------------------------
Server threadEx[03Feb2025 00:04:29.841] [Server thread/INFO] [Console/]: 
Server threadEx[03Feb2025 00:04:29.852] [Server thread/INFO] [CustomJoinMessages/]: Disabling CustomJoinMessages v17.6.0
Server threadEx[03Feb2025 00:04:29.855] [Server thread/INFO] [FairyChat/]: Disabling FairyChat v0.7.4
Server threadEx[03Feb2025 00:04:29.860] [Server thread/INFO] [com.zaxxer.hikari.HikariDataSource/]: FairyChat - Shutdown initiated...
Server threadEx[03Feb2025 00:04:29.867] [Server thread/INFO] [com.zaxxer.hikari.HikariDataSource/]: FairyChat - Shutdown completed.
Server threadEx[03Feb2025 00:04:29.869] [Server thread/INFO] [TAB/]: Disabling TAB v5.0.5
Server threadEx[03Feb2025 00:04:29.871] [Server thread/INFO] [Console/]: [TAB] §xDisabled in 2ms
Server threadEx[03Feb2025 00:04:29.875] [Server thread/INFO] [SkinsRestorer/]: Disabling SkinsRestorer v15.5.2
Server threadEx[03Feb2025 00:04:29.896] [Server thread/INFO] [net.minecraft.server.MinecraftServer/]: Saving players
Server threadEx[03Feb2025 00:04:29.896] [Server thread/INFO] [net.minecraft.server.MinecraftServer/]: Saving worlds
Server threadEx[03Feb2025 00:04:30.937] [Server thread/INFO] [net.minecraft.server.MinecraftServer/]: Saving chunks for level 'ServerLevel[Oneblock Original v2.1.1]'/minecraft:overworld
Server threadEx[03Feb2025 00:04:30.966] [Server thread/INFO] [net.minecraft.server.MinecraftServer/]: Saving chunks for level 'ServerLevel[Oneblock Original v2.1.1/DIM-1]'/minecraft:the_nether
Server threadEx[03Feb2025 00:04:30.970] [Server thread/INFO] [net.minecraft.server.MinecraftServer/]: Saving chunks for level 'ServerLevel[Oneblock Original v2.1.1/DIM1]'/minecraft:the_end
Server threadEx[03Feb2025 00:04:35.979] [Exit Thread/INFO] [Arclight/]: 1 threads not shutting down correctly, force exiting
Exit ThreadEx